// Validating benchmarks:
// ***** BenchmarkRunner: Start   *****
// ***** Found 2 benchmark(s) in total *****
// ***** Building 1 exe(s) in Parallel: Start   *****
// start dotnet restore  /p:UseSharedCompilation=false /p:BuildInParallel=false /m:1 /p:Deterministic=true /p:Optimize=true in D:\Projects\github-projects\EFPerformanceTest\EFPerformanceTest\bin\Release\net6.0\54315e52-559d-4835-8841-1cca25017ff0
// command took 5.07s and exited with 0
// start dotnet build -c Release  --no-restore /p:UseSharedCompilation=false /p:BuildInParallel=false /m:1 /p:Deterministic=true /p:Optimize=true in D:\Projects\github-projects\EFPerformanceTest\EFPerformanceTest\bin\Release\net6.0\54315e52-559d-4835-8841-1cca25017ff0
// command took 14.87s and exited with 1
// start dotnet build -c Release  --no-restore --no-dependencies /p:UseSharedCompilation=false /p:BuildInParallel=false /m:1 /p:Deterministic=true /p:Optimize=true in D:\Projects\github-projects\EFPerformanceTest\EFPerformanceTest\bin\Release\net6.0\54315e52-559d-4835-8841-1cca25017ff0
// command took 3.83s and exited with 1
// ***** Done, took 00:00:24 (24.66 sec)   *****
// Found 2 benchmarks:
//   StringLikeBenchmark.StartWith: .NET 6.0(Runtime=.NET 6.0)
//   StringLikeBenchmark.LikeWith: .NET 6.0(Runtime=.NET 6.0)

// Build Error: Standard output: 
  
 Standard error: 
 Time Elapsed 00:00:03.31
    2 Error(s)
    0 Warning(s)
D:\Projects\github-projects\EFPerformanceTest\EFPerformanceTest\bin\Release\net6.0\54315e52-559d-4835-8841-1cca25017ff0\54315e52-559d-4835-8841-1cca25017ff0.notcs(182,16): error CS7036: There is no argument given that corresponds to the required formal parameter 'dbContext' of 'StringLikeBenchmark.StringLikeBenchmark(ApplicationDbContext)' [D:\Projects\github-projects\EFPerformanceTest\EFPerformanceTest\bin\Release\net6.0\54315e52-559d-4835-8841-1cca25017ff0\BenchmarkDotNet.Autogenerated.csproj]
D:\Projects\github-projects\EFPerformanceTest\EFPerformanceTest\bin\Release\net6.0\54315e52-559d-4835-8841-1cca25017ff0\54315e52-559d-4835-8841-1cca25017ff0.notcs(914,16): error CS7036: There is no argument given that corresponds to the required formal parameter 'dbContext' of 'StringLikeBenchmark.StringLikeBenchmark(ApplicationDbContext)' [D:\Projects\github-projects\EFPerformanceTest\EFPerformanceTest\bin\Release\net6.0\54315e52-559d-4835-8841-1cca25017ff0\BenchmarkDotNet.Autogenerated.csproj]
Build FAILED.
D:\Projects\github-projects\EFPerformanceTest\EFPerformanceTest\bin\Release\net6.0\54315e52-559d-4835-8841-1cca25017ff0\54315e52-559d-4835-8841-1cca25017ff0.notcs(182,16): error CS7036: There is no argument given that corresponds to the required formal parameter 'dbContext' of 'StringLikeBenchmark.StringLikeBenchmark(ApplicationDbContext)' [D:\Projects\github-projects\EFPerformanceTest\EFPerformanceTest\bin\Release\net6.0\54315e52-559d-4835-8841-1cca25017ff0\BenchmarkDotNet.Autogenerated.csproj]
D:\Projects\github-projects\EFPerformanceTest\EFPerformanceTest\bin\Release\net6.0\54315e52-559d-4835-8841-1cca25017ff0\54315e52-559d-4835-8841-1cca25017ff0.notcs(914,16): error CS7036: There is no argument given that corresponds to the required formal parameter 'dbContext' of 'StringLikeBenchmark.StringLikeBenchmark(ApplicationDbContext)' [D:\Projects\github-projects\EFPerformanceTest\EFPerformanceTest\bin\Release\net6.0\54315e52-559d-4835-8841-1cca25017ff0\BenchmarkDotNet.Autogenerated.csproj]
Copyright (C) Microsoft Corporation. All rights reserved.
Microsoft (R) Build Engine version 17.1.1+a02f73656 for .NET

// BenchmarkDotNet has failed to build the auto-generated boilerplate code.
// It can be found in D:\Projects\github-projects\EFPerformanceTest\EFPerformanceTest\bin\Release\net6.0\54315e52-559d-4835-8841-1cca25017ff0
// Please follow the troubleshooting guide: https://benchmarkdotnet.org/articles/guides/troubleshooting.html
// ***** BenchmarkRunner: Finish  *****

// * Export *
  BenchmarkDotNet.Artifacts\results\EFPerformanceTest.StringLikeBenchmark-report.csv
  BenchmarkDotNet.Artifacts\results\EFPerformanceTest.StringLikeBenchmark-report-github.md
  BenchmarkDotNet.Artifacts\results\EFPerformanceTest.StringLikeBenchmark-report.html
  BenchmarkDotNet.Artifacts\results\EFPerformanceTest.StringLikeBenchmark-measurements.csv
  BenchmarkDotNet.Artifacts\results\BuildPlots.R
RPlotExporter couldn't find Rscript.exe in your PATH and no R_HOME environment variable is defined

// * Detailed results *
StringLikeBenchmark.StartWith: .NET 6.0(Runtime=.NET 6.0)
Runtime = ; GC = 
There are not any results runs

// * Summary *

BenchmarkDotNet=v0.13.1, OS=Windows 10.0.19041.264 (2004/May2020Update/20H1)
Intel Core i7-4500U CPU 1.80GHz (Haswell), 1 CPU, 4 logical and 2 physical cores
.NET SDK=6.0.202
  [Host] : .NET 6.0.4 (6.0.422.16404), X64 RyuJIT  [AttachedDebugger]

Job=.NET 6.0  Runtime=.NET 6.0  

|    Method | Mean | Error |
|---------- |-----:|------:|
| StartWith |   NA |    NA |

Benchmarks with issues:
  StringLikeBenchmark.StartWith: .NET 6.0(Runtime=.NET 6.0)

// * Warnings *
Environment
  Summary -> Benchmark was executed with attached debugger

// * Legends *
  Mean  : Arithmetic mean of all measurements
  Error : Half of 99.9% confidence interval
  1 ns  : 1 Nanosecond (0.000000001 sec)

// ***** BenchmarkRunner: End *****
// ** Remained 0 benchmark(s) to run **
Run time: 00:00:00 (0.81 sec), executed benchmarks: 0

Global total time: 00:00:25 (25.49 sec), executed benchmarks: 0
// * Artifacts cleanup *
